<?xml version="1.0" encoding="UTF-8"?>
<!-- Generated by org.testng.reporters.JUnitReportReporter -->
<testsuite hostname="MacBook-Pro.local" failures="0" tests="1" name="com.qa.guru99.testcases.ErrorVrificatonTest" time="43.186" errors="0" timestamp="2021-04-30T16:51:18 IST" skipped="0">
  <testcase classname="com.qa.guru99.testcases.ErrorVrificatonTest" name="addtoCartTest" time="43.186"/>
  <system-out/>
</testsuite> <!-- com.qa.guru99.testcases.ErrorVrificatonTest -->
