<?xml version="1.0" encoding="UTF-8"?>
<!-- Generated by org.testng.reporters.JUnitReportReporter -->
<testsuite hostname="MacBook-Pro.local" failures="0" tests="1" name="com.qa.guru99.testcases.HandlingPopUpWindowTest" time="41.326" errors="0" timestamp="2021-04-30T18:10:51 IST" skipped="0">
  <testcase classname="com.qa.guru99.testcases.HandlingPopUpWindowTest" name="xperiaAddToCompareTest" time="41.326"/>
  <system-out/>
</testsuite> <!-- com.qa.guru99.testcases.HandlingPopUpWindowTest -->
