<?xml version="1.0" encoding="UTF-8"?>
<!-- Generated by org.testng.reporters.JUnitReportReporter -->
<testsuite hostname="MacBook-Pro.local" failures="0" tests="3" name="com.qa.guru99.testcases.CostOfProductTest" time="103.582" errors="0" timestamp="2021-04-30T16:48:39 IST" skipped="0">
  <testcase classname="com.qa.guru99.testcases.CostOfProductTest" name="sonyXperiaPriceTest" time="19.796"/>
  <system-out/>
  <testcase classname="com.qa.guru99.testcases.CostOfProductTest" name="xpreriaDetailsPagePriceTest" time="44.489"/>
  <system-out/>
  <testcase classname="com.qa.guru99.testcases.CostOfProductTest" name="compareTheXperiaPriceTest" time="39.297"/>
  <system-out/>
</testsuite> <!-- com.qa.guru99.testcases.CostOfProductTest -->
