<?xml version="1.0" encoding="UTF-8"?>
<!-- Generated by org.testng.reporters.JUnitReportReporter -->
<testsuite hostname="MacBook-Pro.local" failures="0" tests="5" name="com.qa.guru99.testcases.MobileListPageTest" time="150.900" errors="0" timestamp="2021-04-30T16:48:39 IST" skipped="0">
  <testcase classname="com.qa.guru99.testcases.MobileListPageTest" name="verifyHomePageTitleTest" time="15.406"/>
  <system-out/>
  <testcase classname="com.qa.guru99.testcases.MobileListPageTest" name="clickOnMobileLinkTest" time="23.882"/>
  <system-out/>
  <testcase classname="com.qa.guru99.testcases.MobileListPageTest" name="verifyMobilePageTitleTest" time="43.086"/>
  <system-out/>
  <testcase classname="com.qa.guru99.testcases.MobileListPageTest" name="sortByDropdownTest" time="20.401"/>
  <system-out/>
  <testcase classname="com.qa.guru99.testcases.MobileListPageTest" name="verifyProductsSortTest" time="48.125"/>
  <system-out/>
</testsuite> <!-- com.qa.guru99.testcases.MobileListPageTest -->
