<?xml version="1.0" encoding="UTF-8"?>
<!-- Generated by org.testng.reporters.JUnitReportReporter -->
<testsuite hostname="MacBook-Pro.local" failures="0" tests="1" name="com.qa.guru99.testcases.PopUpWindowTest" time="62.642" errors="0" timestamp="2021-04-30T18:28:18 IST" skipped="0">
  <testcase classname="com.qa.guru99.testcases.PopUpWindowTest" name="xperiaAddToCompareTest" time="62.642"/>
  <system-out/>
</testsuite> <!-- com.qa.guru99.testcases.PopUpWindowTest -->
