<?xml version="1.0" encoding="UTF-8"?>
<!-- Generated by org.testng.reporters.JUnitReportReporter -->
<testsuite hostname="MacBook-Pro.local" failures="0" tests="3" name="com.qa.guru99.testcases.CostOfProductTest" time="144.912" errors="0" timestamp="2021-04-30T18:28:18 IST" skipped="0">
  <testcase classname="com.qa.guru99.testcases.CostOfProductTest" name="sonyXperiaPriceTest" time="49.776"/>
  <system-out/>
  <testcase classname="com.qa.guru99.testcases.CostOfProductTest" name="xpreriaDetailsPagePriceTest" time="57.393"/>
  <system-out/>
  <testcase classname="com.qa.guru99.testcases.CostOfProductTest" name="compareTheXperiaPriceTest" time="37.743"/>
  <system-out/>
</testsuite> <!-- com.qa.guru99.testcases.CostOfProductTest -->
