<?xml version="1.0" encoding="UTF-8"?>
<!-- Generated by org.testng.reporters.JUnitReportReporter -->
<testsuite hostname="MacBook-Pro.local" failures="0" tests="5" name="com.qa.guru99.testcases.MobileListPageTest" time="190.653" errors="0" timestamp="2021-04-30T18:28:18 IST" skipped="0">
  <testcase classname="com.qa.guru99.testcases.MobileListPageTest" name="verifyHomePageTitleTest" time="43.252"/>
  <system-out/>
  <testcase classname="com.qa.guru99.testcases.MobileListPageTest" name="clickOnMobileLinkTest" time="33.200"/>
  <system-out/>
  <testcase classname="com.qa.guru99.testcases.MobileListPageTest" name="verifyMobilePageTitleTest" time="22.123"/>
  <system-out/>
  <testcase classname="com.qa.guru99.testcases.MobileListPageTest" name="sortByDropdownTest" time="45.206"/>
  <system-out/>
  <testcase classname="com.qa.guru99.testcases.MobileListPageTest" name="verifyProductsSortTest" time="46.872"/>
  <system-out/>
</testsuite> <!-- com.qa.guru99.testcases.MobileListPageTest -->
